Determining if the function pthread_create exists in the pthreads failed with the following output:
Change Dir: /home/spencer/Desktop/enbrains/build/hss/build/CMakeFiles/CMakeTmp

Run Build Command:"/usr/bin/make" "cmTC_2db4b/fast"
/usr/bin/make -f CMakeFiles/cmTC_2db4b.dir/build.make CMakeFiles/cmTC_2db4b.dir/build
make[1]: Entering directory '/home/spencer/Desktop/enbrains/build/hss/build/CMakeFiles/CMakeTmp'
Building C object CMakeFiles/cmTC_2db4b.dir/CheckFunctionExists.c.o
/usr/bin/cc    -msse4.2 -std=gnu99 -Wall -Wstrict-prototypes -fno-strict-aliasing -rdynamic -funroll-loops -Wno-packed-bitfield-compat -DCMAKER -DCHECK_FUNCTION_EXISTS=pthread_create   -o CMakeFiles/cmTC_2db4b.dir/CheckFunctionExists.c.o   -c /usr/share/cmake-3.7/Modules/CheckFunctionExists.c
/usr/share/cmake-3.7/Modules/CheckFunctionExists.c:7:3: warning: function declaration isn’t a prototype [-Wstrict-prototypes]
   CHECK_FUNCTION_EXISTS();
   ^~~~~~~~~~~~~~~~~~~~~
Linking C executable cmTC_2db4b
/usr/bin/cmake -E cmake_link_script CMakeFiles/cmTC_2db4b.dir/link.txt --verbose=1
/usr/bin/cc   -msse4.2 -std=gnu99 -Wall -Wstrict-prototypes -fno-strict-aliasing -rdynamic -funroll-loops -Wno-packed-bitfield-compat -DCMAKER -DCHECK_FUNCTION_EXISTS=pthread_create    CMakeFiles/cmTC_2db4b.dir/CheckFunctionExists.c.o  -o cmTC_2db4b -rdynamic -lpthreads 
/usr/bin/ld: cannot find -lpthreads
collect2: error: ld returned 1 exit status
CMakeFiles/cmTC_2db4b.dir/build.make:97: recipe for target 'cmTC_2db4b' failed
make[1]: *** [cmTC_2db4b] Error 1
make[1]: Leaving directory '/home/spencer/Desktop/enbrains/build/hss/build/CMakeFiles/CMakeTmp'
Makefile:126: recipe for target 'cmTC_2db4b/fast' failed
make: *** [cmTC_2db4b/fast] Error 2


